#
# There is insufficient memory for the Java Runtime Environment to continue.
# Native memory allocation (malloc) failed to allocate 183376 bytes for Chunk::new
# Possible reasons:
#   The system is out of physical RAM or swap space
#   The process is running with CompressedOops enabled, and the Java Heap may be blocking the growth of the native heap
# Possible solutions:
#   Reduce memory load on the system
#   Increase physical memory or swap space
#   Check if swap backing store is full
#   Decrease Java heap size (-Xmx/-Xms)
#   Decrease number of Java threads
#   Decrease Java thread stack sizes (-Xss)
#   Set larger code cache with -XX:ReservedCodeCacheSize=
#   JVM is running with Unscaled Compressed Oops mode in which the Java heap is
#     placed in the first 4GB address space. The Java Heap base address is the
#     maximum limit for the native heap growth. Please use -XX:HeapBaseMinAddress
#     to set the Java Heap base and to place the Java Heap above 4GB virtual address.
# This output file may be truncated or incomplete.
#
#  Out of Memory Error (arena.cpp:168), pid=2632, tid=13072
#
# JRE version: Java(TM) SE Runtime Environment (21.0.2+13) (build 21.0.2+13-LTS-58)
# Java VM: Java HotSpot(TM) 64-Bit Server VM (21.0.2+13-LTS-58, mixed mode, sharing, tiered, compressed oops, compressed class ptrs, g1 gc, windows-amd64)
# No core dump will be written. Minidumps are not enabled by default on client versions of Windows
#

---------------  S U M M A R Y ------------

Command Line: --module-path=C:\java_Project\javafx-sdk-22.0.1\lib --add-modules=javafx.controls,javafx.fxml -Dfile.encoding=UTF-8 -Dstdout.encoding=UTF-8 -Dstderr.encoding=UTF-8 -XX:+ShowCodeDetailsInExceptionMessages application.AjouterCommandeInterface

Host: Intel(R) Core(TM) i5-6300U CPU @ 2.40GHz, 4 cores, 7G,  Windows 10 , 64 bit Build 19041 (10.0.19041.3636)
Time: Sun May 12 01:27:49 2024 Morocco Daylight Time elapsed time: 0.343071 seconds (0d 0h 0m 0s)

---------------  T H R E A D  ---------------

Current thread (0x0000020ef6a81430):  JavaThread "C2 CompilerThread0" daemon [_thread_in_native, id=13072, stack(0x000000c239a00000,0x000000c239b00000) (1024K)]


Current CompileTask:
C2:    343  338       4       jdk.internal.module.Checks::isTypeName (49 bytes)

Stack: [0x000000c239a00000,0x000000c239b00000]
Native frames: (J=compiled Java code, j=interpreted, Vv=VM code, C=native code)
V  [jvm.dll+0x6cade9]
V  [jvm.dll+0x8569c1]
V  [jvm.dll+0x858d2e]
V  [jvm.dll+0x859413]
V  [jvm.dll+0x280e56]
V  [jvm.dll+0xc3f3d]
V  [jvm.dll+0xc4473]
V  [jvm.dll+0x2f437f]
V  [jvm.dll+0x5f5056]
V  [jvm.dll+0x252d7f]
V  [jvm.dll+0x24b6d6]
V  [jvm.dll+0x2490a3]
V  [jvm.dll+0x1c9634]
V  [jvm.dll+0x258859]
V  [jvm.dll+0x256e3a]
V  [jvm.dll+0x3ef6c6]
V  [jvm.dll+0x7ff568]
V  [jvm.dll+0x6c953d]
C  [ucrtbase.dll+0x21bb2]
C  [KERNEL32.DLL+0x17344]
C  [ntdll.dll+0x526b1]


---------------  P R O C E S S  ---------------

Threads class SMR info:
_java_thread_list=0x0000020efb16baa0, length=12, elements={
0x0000020ed89200b0, 0x0000020ef6a6ef70, 0x0000020ef6a70df0, 0x0000020ef6a73920,
0x0000020ef6a76bc0, 0x0000020ef6a77dc0, 0x0000020ef6a7c9e0, 0x0000020ef6a81430,
0x0000020ef6aa6a60, 0x0000020ef6cb71e0, 0x0000020ef6cce570, 0x0000020efb12c0b0
}

Java Threads: ( => current thread )
  0x0000020ed89200b0 JavaThread "main"                              [_thread_in_vm, id=15852, stack(0x000000c238c00000,0x000000c238d00000) (1024K)]
  0x0000020ef6a6ef70 JavaThread "Reference Handler"          daemon [_thread_blocked, id=2360, stack(0x000000c239400000,0x000000c239500000) (1024K)]
  0x0000020ef6a70df0 JavaThread "Finalizer"                  daemon [_thread_blocked, id=11276, stack(0x000000c239500000,0x000000c239600000) (1024K)]
  0x0000020ef6a73920 JavaThread "Signal Dispatcher"          daemon [_thread_blocked, id=18036, stack(0x000000c239600000,0x000000c239700000) (1024K)]
  0x0000020ef6a76bc0 JavaThread "Attach Listener"            daemon [_thread_blocked, id=7600, stack(0x000000c239700000,0x000000c239800000) (1024K)]
  0x0000020ef6a77dc0 JavaThread "Service Thread"             daemon [_thread_blocked, id=16968, stack(0x000000c239800000,0x000000c239900000) (1024K)]
  0x0000020ef6a7c9e0 JavaThread "Monitor Deflation Thread"   daemon [_thread_blocked, id=3900, stack(0x000000c239900000,0x000000c239a00000) (1024K)]
=>0x0000020ef6a81430 JavaThread "C2 CompilerThread0"         daemon [_thread_in_native, id=13072, stack(0x000000c239a00000,0x000000c239b00000) (1024K)]
  0x0000020ef6aa6a60 JavaThread "C1 CompilerThread0"         daemon [_thread_in_native, id=18404, stack(0x000000c239b00000,0x000000c239c00000) (1024K)]
  0x0000020ef6cb71e0 JavaThread "Common-Cleaner"             daemon [_thread_blocked, id=9340, stack(0x000000c239c00000,0x000000c239d00000) (1024K)]
  0x0000020ef6cce570 JavaThread "C2 CompilerThread1"         daemon [_thread_in_native, id=12376, stack(0x000000c239d00000,0x000000c239e00000) (1024K)]
  0x0000020efb12c0b0 JavaThread "Notification Thread"        daemon [_thread_blocked, id=5672, stack(0x000000c239e00000,0x000000c239f00000) (1024K)]
Total: 12

Other Threads:
  0x0000020ef6a4bb00 VMThread "VM Thread"                           [id=14444, stack(0x000000c239300000,0x000000c239400000) (1024K)]
  0x0000020ef6a35bb0 WatcherThread "VM Periodic Task Thread"        [id=15812, stack(0x000000c239200000,0x000000c239300000) (1024K)]
  0x0000020edaa54a00 WorkerThread "GC Thread#0"                     [id=15608, stack(0x000000c238d00000,0x000000c238e00000) (1024K)]
  0x0000020edaa65560 ConcurrentGCThread "G1 Main Marker"            [id=17736, stack(0x000000c238e00000,0x000000c238f00000) (1024K)]
  0x0000020edaa669b0 WorkerThread "G1 Conc#0"                       [id=11072, stack(0x000000c238f00000,0x000000c239000000) (1024K)]
  0x0000020edaaceb50 ConcurrentGCThread "G1 Refine#0"               [id=17104, stack(0x000000c239000000,0x000000c239100000) (1024K)]
  0x0000020ef6909820 ConcurrentGCThread "G1 Service"                [id=18408, stack(0x000000c239100000,0x000000c239200000) (1024K)]
Total: 7

Threads with active compile tasks:
C2 CompilerThread0      385  338       4       jdk.internal.module.Checks::isTypeName (49 bytes)
C1 CompilerThread0      385  426       3       java.lang.StringLatin1::lastIndexOf (40 bytes)
C2 CompilerThread1      385  329       4       java.util.stream.ReferencePipeline$3$1::accept (23 bytes)
Total: 3

VM state: not at safepoint (normal execution)

VM Mutex/Monitor currently owned by a thread: None

Heap address: 0x0000000082400000, size: 2012 MB, Compressed Oops mode: 32-bit

CDS archive(s) mapped at: [0x0000020e80000000-0x0000020e80c90000-0x0000020e80c90000), size 13172736, SharedBaseAddress: 0x0000020e80000000, ArchiveRelocationMode: 1.
Compressed class space mapped at: 0x0000020e81000000-0x0000020ec1000000, reserved size: 1073741824
Narrow klass base: 0x0000020e80000000, Narrow klass shift: 0, Narrow klass range: 0x100000000

GC Precious Log:
 CardTable entry size: 512
 Card Set container configuration: InlinePtr #cards 5 size 8 Array Of Cards #cards 12 size 40 Howl #buckets 4 coarsen threshold 1843 Howl Bitmap #cards 512 size 80 coarsen threshold 460 Card regions per heap region 1 cards per card region 2048
 CPUs: 4 total, 4 available
 Memory: 8047M
 Large Page Support: Disabled
 NUMA Support: Disabled
 Compressed Oops: Enabled (32-bit)
 Heap Region Size: 1M
 Heap Min Capacity: 8M
 Heap Initial Capacity: 126M
 Heap Max Capacity: 2012M
 Pre-touch: Disabled
 Parallel Workers: 4
 Concurrent Workers: 1
 Concurrent Refinement Workers: 4
 Periodic GC: Disabled

Heap:
 garbage-first heap   total 129024K, used 7168K [0x0000000082400000, 0x0000000100000000)
  region size 1024K, 9 young (9216K), 0 survivors (0K)
 Metaspace       used 881K, committed 1024K, reserved 1114112K
  class space    used 86K, committed 128K, reserved 1048576K

Heap Regions: E=young(eden), S=young(survivor), O=old, HS=humongous(starts), HC=humongous(continues), CS=collection set, F=free, TAMS=top-at-mark-start, PB=parsable bottom
|   0|0x0000000082400000, 0x0000000082400000, 0x0000000082500000|  0%| F|  |TAMS 0x0000000082400000| PB 0x0000000082400000| Untracked 
|   1|0x0000000082500000, 0x0000000082500000, 0x0000000082600000|  0%| F|  |TAMS 0x0000000082500000| PB 0x0000000082500000| Untracked 
|   2|0x0000000082600000, 0x0000000082600000, 0x0000000082700000|  0%| F|  |TAMS 0x0000000082600000| PB 0x0000000082600000| Untracked 
|   3|0x0000000082700000, 0x0000000082700000, 0x0000000082800000|  0%| F|  |TAMS 0x0000000082700000| PB 0x0000000082700000| Untracked 
|   4|0x0000000082800000, 0x0000000082800000, 0x0000000082900000|  0%| F|  |TAMS 0x0000000082800000| PB 0x0000000082800000| Untracked 
|   5|0x0000000082900000, 0x0000000082900000, 0x0000000082a00000|  0%| F|  |TAMS 0x0000000082900000| PB 0x0000000082900000| Untracked 
|   6|0x0000000082a00000, 0x0000000082a00000, 0x0000000082b00000|  0%| F|  |TAMS 0x0000000082a00000| PB 0x0000000082a00000| Untracked 
|   7|0x0000000082b00000, 0x0000000082b00000, 0x0000000082c00000|  0%| F|  |TAMS 0x0000000082b00000| PB 0x0000000082b00000| Untracked 
|   8|0x0000000082c00000, 0x0000000082c00000, 0x0000000082d00000|  0%| F|  |TAMS 0x0000000082c00000| PB 0x0000000082c00000| Untracked 
|   9|0x0000000082d00000, 0x0000000082d00000, 0x0000000082e00000|  0%| F|  |TAMS 0x0000000082d00000| PB 0x0000000082d00000| Untracked 
|  10|0x0000000082e00000, 0x0000000082e00000, 0x0000000082f00000|  0%| F|  |TAMS 0x0000000082e00000| PB 0x0000000082e00000| Untracked 
|  11|0x0000000082f00000, 0x0000000082f00000, 0x0000000083000000|  0%| F|  |TAMS 0x0000000082f00000| PB 0x0000000082f00000| Untracked 
|  12|0x0000000083000000, 0x0000000083000000, 0x0000000083100000|  0%| F|  |TAMS 0x0000000083000000| PB 0x0000000083000000| Untracked 
|  13|0x0000000083100000, 0x0000000083100000, 0x0000000083200000|  0%| F|  |TAMS 0x0000000083100000| PB 0x0000000083100000| Untracked 
|  14|0x0000000083200000, 0x0000000083200000, 0x0000000083300000|  0%| F|  |TAMS 0x0000000083200000| PB 0x0000000083200000| Untracked 
|  15|0x0000000083300000, 0x0000000083300000, 0x0000000083400000|  0%| F|  |TAMS 0x0000000083300000| PB 0x0000000083300000| Untracked 
|  16|0x0000000083400000, 0x0000000083400000, 0x0000000083500000|  0%| F|  |TAMS 0x0000000083400000| PB 0x0000000083400000| Untracked 
|  17|0x0000000083500000, 0x0000000083500000, 0x0000000083600000|  0%| F|  |TAMS 0x0000000083500000| PB 0x0000000083500000| Untracked 
|  18|0x0000000083600000, 0x0000000083600000, 0x0000000083700000|  0%| F|  |TAMS 0x0000000083600000| PB 0x0000000083600000| Untracked 
|  19|0x0000000083700000, 0x0000000083700000, 0x0000000083800000|  0%| F|  |TAMS 0x0000000083700000| PB 0x0000000083700000| Untracked 
|  20|0x0000000083800000, 0x0000000083800000, 0x0000000083900000|  0%| F|  |TAMS 0x0000000083800000| PB 0x0000000083800000| Untracked 
|  21|0x0000000083900000, 0x0000000083900000, 0x0000000083a00000|  0%| F|  |TAMS 0x0000000083900000| PB 0x0000000083900000| Untracked 
|  22|0x0000000083a00000, 0x0000000083a00000, 0x0000000083b00000|  0%| F|  |TAMS 0x0000000083a00000| PB 0x0000000083a00000| Untracked 
|  23|0x0000000083b00000, 0x0000000083b00000, 0x0000000083c00000|  0%| F|  |TAMS 0x0000000083b00000| PB 0x0000000083b00000| Untracked 
|  24|0x0000000083c00000, 0x0000000083c00000, 0x0000000083d00000|  0%| F|  |TAMS 0x0000000083c00000| PB 0x0000000083c00000| Untracked 
|  25|0x0000000083d00000, 0x0000000083d00000, 0x0000000083e00000|  0%| F|  |TAMS 0x0000000083d00000| PB 0x0000000083d00000| Untracked 
|  26|0x0000000083e00000, 0x0000000083e00000, 0x0000000083f00000|  0%| F|  |TAMS 0x0000000083e00000| PB 0x0000000083e00000| Untracked 
|  27|0x0000000083f00000, 0x0000000083f00000, 0x0000000084000000|  0%| F|  |TAMS 0x0000000083f00000| PB 0x0000000083f00000| Untracked 
|  28|0x0000000084000000, 0x0000000084000000, 0x0000000084100000|  0%| F|  |TAMS 0x0000000084000000| PB 0x0000000084000000| Untracked 
|  29|0x0000000084100000, 0x0000000084100000, 0x0000000084200000|  0%| F|  |TAMS 0x0000000084100000| PB 0x0000000084100000| Untracked 
|  30|0x0000000084200000, 0x0000000084200000, 0x0000000084300000|  0%| F|  |TAMS 0x0000000084200000| PB 0x0000000084200000| Untracked 
|  31|0x0000000084300000, 0x0000000084300000, 0x0000000084400000|  0%| F|  |TAMS 0x0000000084300000| PB 0x0000000084300000| Untracked 
|  32|0x0000000084400000, 0x0000000084400000, 0x0000000084500000|  0%| F|  |TAMS 0x0000000084400000| PB 0x0000000084400000| Untracked 
|  33|0x0000000084500000, 0x0000000084500000, 0x0000000084600000|  0%| F|  |TAMS 0x0000000084500000| PB 0x0000000084500000| Untracked 
|  34|0x0000000084600000, 0x0000000084600000, 0x0000000084700000|  0%| F|  |TAMS 0x0000000084600000| PB 0x0000000084600000| Untracked 
|  35|0x0000000084700000, 0x0000000084700000, 0x0000000084800000|  0%| F|  |TAMS 0x0000000084700000| PB 0x0000000084700000| Untracked 
|  36|0x0000000084800000, 0x0000000084800000, 0x0000000084900000|  0%| F|  |TAMS 0x0000000084800000| PB 0x0000000084800000| Untracked 
|  37|0x0000000084900000, 0x0000000084900000, 0x0000000084a00000|  0%| F|  |TAMS 0x0000000084900000| PB 0x0000000084900000| Untracked 
|  38|0x0000000084a00000, 0x0000000084a00000, 0x0000000084b00000|  0%| F|  |TAMS 0x0000000084a00000| PB 0x0000000084a00000| Untracked 
|  39|0x0000000084b00000, 0x0000000084b00000, 0x0000000084c00000|  0%| F|  |TAMS 0x0000000084b00000| PB 0x0000000084b00000| Untracked 
|  40|0x0000000084c00000, 0x0000000084c00000, 0x0000000084d00000|  0%| F|  |TAMS 0x0000000084c00000| PB 0x0000000084c00000| Untracked 
|  41|0x0000000084d00000, 0x0000000084d00000, 0x0000000084e00000|  0%| F|  |TAMS 0x0000000084d00000| PB 0x0000000084d00000| Untracked 
|  42|0x0000000084e00000, 0x0000000084e00000, 0x0000000084f00000|  0%| F|  |TAMS 0x0000000084e00000| PB 0x0000000084e00000| Untracked 
|  43|0x0000000084f00000, 0x0000000084f00000, 0x0000000085000000|  0%| F|  |TAMS 0x0000000084f00000| PB 0x0000000084f00000| Untracked 
|  44|0x0000000085000000, 0x0000000085000000, 0x0000000085100000|  0%| F|  |TAMS 0x0000000085000000| PB 0x0000000085000000| Untracked 
|  45|0x0000000085100000, 0x0000000085100000, 0x0000000085200000|  0%| F|  |TAMS 0x0000000085100000| PB 0x0000000085100000| Untracked 
|  46|0x0000000085200000, 0x0000000085200000, 0x0000000085300000|  0%| F|  |TAMS 0x0000000085200000| PB 0x0000000085200000| Untracked 
|  47|0x0000000085300000, 0x0000000085300000, 0x0000000085400000|  0%| F|  |TAMS 0x0000000085300000| PB 0x0000000085300000| Untracked 
|  48|0x0000000085400000, 0x0000000085400000, 0x0000000085500000|  0%| F|  |TAMS 0x0000000085400000| PB 0x0000000085400000| Untracked 
|  49|0x0000000085500000, 0x0000000085500000, 0x0000000085600000|  0%| F|  |TAMS 0x0000000085500000| PB 0x0000000085500000| Untracked 
|  50|0x0000000085600000, 0x0000000085600000, 0x0000000085700000|  0%| F|  |TAMS 0x0000000085600000| PB 0x0000000085600000| Untracked 
|  51|0x0000000085700000, 0x0000000085700000, 0x0000000085800000|  0%| F|  |TAMS 0x0000000085700000| PB 0x0000000085700000| Untracked 
|  52|0x0000000085800000, 0x0000000085800000, 0x0000000085900000|  0%| F|  |TAMS 0x0000000085800000| PB 0x0000000085800000| Untracked 
|  53|0x0000000085900000, 0x0000000085900000, 0x0000000085a00000|  0%| F|  |TAMS 0x0000000085900000| PB 0x0000000085900000| Untracked 
|  54|0x0000000085a00000, 0x0000000085a00000, 0x0000000085b00000|  0%| F|  |TAMS 0x0000000085a00000| PB 0x0000000085a00000| Untracked 
|  55|0x0000000085b00000, 0x0000000085b00000, 0x0000000085c00000|  0%| F|  |TAMS 0x0000000085b00000| PB 0x0000000085b00000| Untracked 
|  56|0x0000000085c00000, 0x0000000085c00000, 0x0000000085d00000|  0%| F|  |TAMS 0x0000000085c00000| PB 0x0000000085c00000| Untracked 
|  57|0x0000000085d00000, 0x0000000085d00000, 0x0000000085e00000|  0%| F|  |TAMS 0x0000000085d00000| PB 0x0000000085d00000| Untracked 
|  58|0x0000000085e00000, 0x0000000085e00000, 0x0000000085f00000|  0%| F|  |TAMS 0x0000000085e00000| PB 0x0000000085e00000| Untracked 
|  59|0x0000000085f00000, 0x0000000085f00000, 0x0000000086000000|  0%| F|  |TAMS 0x0000000085f00000| PB 0x0000000085f00000| Untracked 
|  60|0x0000000086000000, 0x0000000086000000, 0x0000000086100000|  0%| F|  |TAMS 0x0000000086000000| PB 0x0000000086000000| Untracked 
|  61|0x0000000086100000, 0x0000000086100000, 0x0000000086200000|  0%| F|  |TAMS 0x0000000086100000| PB 0x0000000086100000| Untracked 
|  62|0x0000000086200000, 0x0000000086200000, 0x0000000086300000|  0%| F|  |TAMS 0x0000000086200000| PB 0x0000000086200000| Untracked 
|  63|0x0000000086300000, 0x0000000086300000, 0x0000000086400000|  0%| F|  |TAMS 0x0000000086300000| PB 0x0000000086300000| Untracked 
|  64|0x0000000086400000, 0x0000000086400000, 0x0000000086500000|  0%| F|  |TAMS 0x0000000086400000| PB 0x0000000086400000| Untracked 
|  65|0x0000000086500000, 0x0000000086500000, 0x0000000086600000|  0%| F|  |TAMS 0x0000000086500000| PB 0x0000000086500000| Untracked 
|  66|0x0000000086600000, 0x0000000086600000, 0x0000000086700000|  0%| F|  |TAMS 0x0000000086600000| PB 0x0000000086600000| Untracked 
|  67|0x0000000086700000, 0x0000000086700000, 0x0000000086800000|  0%| F|  |TAMS 0x0000000086700000| PB 0x0000000086700000| Untracked 
|  68|0x0000000086800000, 0x0000000086800000, 0x0000000086900000|  0%| F|  |TAMS 0x0000000086800000| PB 0x0000000086800000| Untracked 
|  69|0x0000000086900000, 0x0000000086900000, 0x0000000086a00000|  0%| F|  |TAMS 0x0000000086900000| PB 0x0000000086900000| Untracked 
|  70|0x0000000086a00000, 0x0000000086a00000, 0x0000000086b00000|  0%| F|  |TAMS 0x0000000086a00000| PB 0x0000000086a00000| Untracked 
|  71|0x0000000086b00000, 0x0000000086b00000, 0x0000000086c00000|  0%| F|  |TAMS 0x0000000086b00000| PB 0x0000000086b00000| Untracked 
|  72|0x0000000086c00000, 0x0000000086c00000, 0x0000000086d00000|  0%| F|  |TAMS 0x0000000086c00000| PB 0x0000000086c00000| Untracked 
|  73|0x0000000086d00000, 0x0000000086d00000, 0x0000000086e00000|  0%| F|  |TAMS 0x0000000086d00000| PB 0x0000000086d00000| Untracked 
|  74|0x0000000086e00000, 0x0000000086e00000, 0x0000000086f00000|  0%| F|  |TAMS 0x0000000086e00000| PB 0x0000000086e00000| Untracked 
|  75|0x0000000086f00000, 0x0000000086f00000, 0x0000000087000000|  0%| F|  |TAMS 0x0000000086f00000| PB 0x0000000086f00000| Untracked 
|  76|0x0000000087000000, 0x0000000087000000, 0x0000000087100000|  0%| F|  |TAMS 0x0000000087000000| PB 0x0000000087000000| Untracked 
|  77|0x0000000087100000, 0x0000000087100000, 0x0000000087200000|  0%| F|  |TAMS 0x0000000087100000| PB 0x0000000087100000| Untracked 
|  78|0x0000000087200000, 0x0000000087200000, 0x0000000087300000|  0%| F|  |TAMS 0x0000000087200000| PB 0x0000000087200000| Untracked 
|  79|0x0000000087300000, 0x0000000087300000, 0x0000000087400000|  0%| F|  |TAMS 0x0000000087300000| PB 0x0000000087300000| Untracked 
|  80|0x0000000087400000, 0x0000000087400000, 0x0000000087500000|  0%| F|  |TAMS 0x0000000087400000| PB 0x0000000087400000| Untracked 
|  81|0x0000000087500000, 0x0000000087500000, 0x0000000087600000|  0%| F|  |TAMS 0x0000000087500000| PB 0x0000000087500000| Untracked 
|  82|0x0000000087600000, 0x0000000087600000, 0x0000000087700000|  0%| F|  |TAMS 0x0000000087600000| PB 0x0000000087600000| Untracked 
|  83|0x0000000087700000, 0x0000000087700000, 0x0000000087800000|  0%| F|  |TAMS 0x0000000087700000| PB 0x0000000087700000| Untracked 
|  84|0x0000000087800000, 0x0000000087800000, 0x0000000087900000|  0%| F|  |TAMS 0x0000000087800000| PB 0x0000000087800000| Untracked 
|  85|0x0000000087900000, 0x0000000087900000, 0x0000000087a00000|  0%| F|  |TAMS 0x0000000087900000| PB 0x0000000087900000| Untracked 
|  86|0x0000000087a00000, 0x0000000087a00000, 0x0000000087b00000|  0%| F|  |TAMS 0x0000000087a00000| PB 0x0000000087a00000| Untracked 
|  87|0x0000000087b00000, 0x0000000087b00000, 0x0000000087c00000|  0%| F|  |TAMS 0x0000000087b00000| PB 0x0000000087b00000| Untracked 
|  88|0x0000000087c00000, 0x0000000087c00000, 0x0000000087d00000|  0%| F|  |TAMS 0x0000000087c00000| PB 0x0000000087c00000| Untracked 
|  89|0x0000000087d00000, 0x0000000087d00000, 0x0000000087e00000|  0%| F|  |TAMS 0x0000000087d00000| PB 0x0000000087d00000| Untracked 
|  90|0x0000000087e00000, 0x0000000087e00000, 0x0000000087f00000|  0%| F|  |TAMS 0x0000000087e00000| PB 0x0000000087e00000| Untracked 
|  91|0x0000000087f00000, 0x0000000087f00000, 0x0000000088000000|  0%| F|  |TAMS 0x0000000087f00000| PB 0x0000000087f00000| Untracked 
|  92|0x0000000088000000, 0x0000000088000000, 0x0000000088100000|  0%| F|  |TAMS 0x0000000088000000| PB 0x0000000088000000| Untracked 
|  93|0x0000000088100000, 0x0000000088100000, 0x0000000088200000|  0%| F|  |TAMS 0x0000000088100000| PB 0x0000000088100000| Untracked 
|  94|0x0000000088200000, 0x0000000088200000, 0x0000000088300000|  0%| F|  |TAMS 0x0000000088200000| PB 0x0000000088200000| Untracked 
|  95|0x0000000088300000, 0x0000000088300000, 0x0000000088400000|  0%| F|  |TAMS 0x0000000088300000| PB 0x0000000088300000| Untracked 
|  96|0x0000000088400000, 0x0000000088400000, 0x0000000088500000|  0%| F|  |TAMS 0x0000000088400000| PB 0x0000000088400000| Untracked 
|  97|0x0000000088500000, 0x0000000088500000, 0x0000000088600000|  0%| F|  |TAMS 0x0000000088500000| PB 0x0000000088500000| Untracked 
|  98|0x0000000088600000, 0x0000000088600000, 0x0000000088700000|  0%| F|  |TAMS 0x0000000088600000| PB 0x0000000088600000| Untracked 
|  99|0x0000000088700000, 0x0000000088700000, 0x0000000088800000|  0%| F|  |TAMS 0x0000000088700000| PB 0x0000000088700000| Untracked 
| 100|0x0000000088800000, 0x0000000088800000, 0x0000000088900000|  0%| F|  |TAMS 0x0000000088800000| PB 0x0000000088800000| Untracked 
| 101|0x0000000088900000, 0x0000000088900000, 0x0000000088a00000|  0%| F|  |TAMS 0x0000000088900000| PB 0x0000000088900000| Untracked 
| 102|0x0000000088a00000, 0x0000000088a00000, 0x0000000088b00000|  0%| F|  |TAMS 0x0000000088a00000| PB 0x0000000088a00000| Untracked 
| 103|0x0000000088b00000, 0x0000000088b00000, 0x0000000088c00000|  0%| F|  |TAMS 0x0000000088b00000| PB 0x0000000088b00000| Untracked 
| 104|0x0000000088c00000, 0x0000000088c00000, 0x0000000088d00000|  0%| F|  |TAMS 0x0000000088c00000| PB 0x0000000088c00000| Untracked 
| 105|0x0000000088d00000, 0x0000000088d00000, 0x0000000088e00000|  0%| F|  |TAMS 0x0000000088d00000| PB 0x0000000088d00000| Untracked 
| 106|0x0000000088e00000, 0x0000000088e00000, 0x0000000088f00000|  0%| F|  |TAMS 0x0000000088e00000| PB 0x0000000088e00000| Untracked 
| 107|0x0000000088f00000, 0x0000000088f00000, 0x0000000089000000|  0%| F|  |TAMS 0x0000000088f00000| PB 0x0000000088f00000| Untracked 
| 108|0x0000000089000000, 0x0000000089000000, 0x0000000089100000|  0%| F|  |TAMS 0x0000000089000000| PB 0x0000000089000000| Untracked 
| 109|0x0000000089100000, 0x0000000089100000, 0x0000000089200000|  0%| F|  |TAMS 0x0000000089100000| PB 0x0000000089100000| Untracked 
| 110|0x0000000089200000, 0x0000000089200000, 0x0000000089300000|  0%| F|  |TAMS 0x0000000089200000| PB 0x0000000089200000| Untracked 
| 111|0x0000000089300000, 0x0000000089300000, 0x0000000089400000|  0%| F|  |TAMS 0x0000000089300000| PB 0x0000000089300000| Untracked 
| 112|0x0000000089400000, 0x0000000089400000, 0x0000000089500000|  0%| F|  |TAMS 0x0000000089400000| PB 0x0000000089400000| Untracked 
| 113|0x0000000089500000, 0x0000000089500000, 0x0000000089600000|  0%| F|  |TAMS 0x0000000089500000| PB 0x0000000089500000| Untracked 
| 114|0x0000000089600000, 0x0000000089600000, 0x0000000089700000|  0%| F|  |TAMS 0x0000000089600000| PB 0x0000000089600000| Untracked 
| 115|0x0000000089700000, 0x0000000089700000, 0x0000000089800000|  0%| F|  |TAMS 0x0000000089700000| PB 0x0000000089700000| Untracked 
| 116|0x0000000089800000, 0x0000000089800000, 0x0000000089900000|  0%| F|  |TAMS 0x0000000089800000| PB 0x0000000089800000| Untracked 
| 117|0x0000000089900000, 0x0000000089a00000, 0x0000000089a00000|100%| E|  |TAMS 0x0000000089900000| PB 0x0000000089900000| Complete 
| 118|0x0000000089a00000, 0x0000000089b00000, 0x0000000089b00000|100%| E|CS|TAMS 0x0000000089a00000| PB 0x0000000089a00000| Complete 
| 119|0x0000000089b00000, 0x0000000089c00000, 0x0000000089c00000|100%| E|CS|TAMS 0x0000000089b00000| PB 0x0000000089b00000| Complete 
| 120|0x0000000089c00000, 0x0000000089d00000, 0x0000000089d00000|100%| E|CS|TAMS 0x0000000089c00000| PB 0x0000000089c00000| Complete 
| 121|0x0000000089d00000, 0x0000000089e00000, 0x0000000089e00000|100%| E|CS|TAMS 0x0000000089d00000| PB 0x0000000089d00000| Complete 
| 122|0x0000000089e00000, 0x0000000089f00000, 0x0000000089f00000|100%| E|  |TAMS 0x0000000089e00000| PB 0x0000000089e00000| Complete 
| 123|0x0000000089f00000, 0x000000008a000000, 0x000000008a000000|100%| E|CS|TAMS 0x0000000089f00000| PB 0x0000000089f00000| Complete 
| 124|0x000000008a000000, 0x000000008a100000, 0x000000008a100000|100%| E|CS|TAMS 0x000000008a000000| PB 0x000000008a000000| Complete 
| 125|0x000000008a100000, 0x000000008a200000, 0x000000008a200000|100%| E|CS|TAMS 0x000000008a100000| PB 0x000000008a100000| Complete 

Card table byte_map: [0x0000020ef2260000,0x0000020ef2650000] _byte_map_base: 0x0000020ef1e4e000

Marking Bits: (CMBitMap*) 0x0000020edaa55100
 Bits: [0x0000020ef2650000, 0x0000020ef45c0000)

Polling page: 0x0000020eda1d0000

Metaspace:

Usage:
  Non-class:    852.91 KB used.
      Class:     90.95 KB used.
       Both:    943.86 KB used.

Virtual space:
  Non-class space:       64.00 MB reserved,     960.00 KB (  1%) committed,  1 nodes.
      Class space:        1.00 GB reserved,     128.00 KB ( <1%) committed,  1 nodes.
             Both:        1.06 GB reserved,       1.06 MB ( <1%) committed. 

Chunk freelists:
   Non-Class:  11.73 MB
       Class:  15.69 MB
        Both:  27.42 MB

MaxMetaspaceSize: unlimited
CompressedClassSpaceSize: 1.00 GB
Initial GC threshold: 21.00 MB
Current GC threshold: 21.00 MB
CDS: on
 - commit_granule_bytes: 65536.
 - commit_granule_words: 8192.
 - virtual_space_node_default_size: 8388608.
 - enlarge_chunks_in_place: 1.
 - use_allocation_guard: 0.


Internal statistics:

num_allocs_failed_limit: 0.
num_arena_births: 26.
num_arena_deaths: 0.
num_vsnodes_births: 2.
num_vsnodes_deaths: 0.
num_space_committed: 17.
num_space_uncommitted: 0.
num_chunks_returned_to_freelist: 0.
num_chunks_taken_from_freelist: 47.
num_chunk_merges: 0.
num_chunk_splits: 32.
num_chunks_enlarged: 19.
num_inconsistent_stats: 0.

CodeHeap 'non-profiled nmethods': size=120000Kb used=137Kb max_used=137Kb free=119862Kb
 bounds [0x0000020eea940000, 0x0000020eeabb0000, 0x0000020ef1e70000]
CodeHeap 'profiled nmethods': size=120000Kb used=569Kb max_used=569Kb free=119431Kb
 bounds [0x0000020ee2e70000, 0x0000020ee30e0000, 0x0000020eea3a0000]
CodeHeap 'non-nmethods': size=5760Kb used=1293Kb max_used=1320Kb free=4466Kb
 bounds [0x0000020eea3a0000, 0x0000020eea610000, 0x0000020eea940000]
 total_blobs=834 nmethods=424 adapters=315
 compilation: enabled
              stopped_count=0, restarted_count=0
 full_count=0

Compilation events (20 events):
Event: 0.326 Thread 0x0000020ef6aa6a60  412       1       java.lang.module.ResolvedModule::configuration (5 bytes)
Event: 0.326 Thread 0x0000020ef6aa6a60 nmethod 412 0x0000020eea960290 code [0x0000020eea960420, 0x0000020eea9604e8]
Event: 0.326 Thread 0x0000020ef6aa6a60  414       3       java.util.HashSet::isEmpty (8 bytes)
Event: 0.326 Thread 0x0000020ef6aa6a60 nmethod 414 0x0000020ee2efac90 code [0x0000020ee2efae40, 0x0000020ee2efb090]
Event: 0.328 Thread 0x0000020ef6aa6a60  417       3       java.lang.StringUTF16::getChar (60 bytes)
Event: 0.328 Thread 0x0000020ef6aa6a60 nmethod 417 0x0000020ee2efb190 code [0x0000020ee2efb340, 0x0000020ee2efb4b0]
Event: 0.328 Thread 0x0000020ef6aa6a60  418       3       java.lang.String::isLatin1 (19 bytes)
Event: 0.328 Thread 0x0000020ef6aa6a60 nmethod 418 0x0000020ee2efb590 code [0x0000020ee2efb740, 0x0000020ee2efb8b8]
Event: 0.328 Thread 0x0000020ef6aa6a60  419       3       java.lang.StringBuilder::length (5 bytes)
Event: 0.328 Thread 0x0000020ef6aa6a60 nmethod 419 0x0000020ee2efb990 code [0x0000020ee2efbb20, 0x0000020ee2efbc40]
Event: 0.329 Thread 0x0000020ef6aa6a60  420       3       java.lang.String::charAt (25 bytes)
Event: 0.329 Thread 0x0000020ef6aa6a60 nmethod 420 0x0000020ee2efbd10 code [0x0000020ee2efbf00, 0x0000020ee2efc448]
Event: 0.329 Thread 0x0000020ef6aa6a60  421       3       java.lang.Class::getName (18 bytes)
Event: 0.330 Thread 0x0000020ef6aa6a60 nmethod 421 0x0000020ee2efc690 code [0x0000020ee2efc840, 0x0000020ee2efc9d0]
Event: 0.330 Thread 0x0000020ef6aa6a60  422       3       jdk.internal.misc.VM::isBooted (13 bytes)
Event: 0.330 Thread 0x0000020ef6aa6a60 nmethod 422 0x0000020ee2efca90 code [0x0000020ee2efcc20, 0x0000020ee2efcd78]
Event: 0.335 Thread 0x0000020ef6aa6a60  423   !   3       jdk.internal.misc.Blocker::begin (97 bytes)
Event: 0.336 Thread 0x0000020ef6aa6a60 nmethod 423 0x0000020ee2efce10 code [0x0000020ee2efd040, 0x0000020ee2efd938]
Event: 0.336 Thread 0x0000020ef6aa6a60  424       3       jdk.internal.misc.Blocker::end (71 bytes)
Event: 0.337 Thread 0x0000020ef6aa6a60 nmethod 424 0x0000020ee2efdb90 code [0x0000020ee2efdd80, 0x0000020ee2efe250]

GC Heap History (0 events):
No events

Dll operation events (5 events):
Event: 0.010 Loaded shared library C:\Program Files\Java\jdk-21\bin\java.dll
Event: 0.084 Loaded shared library C:\Program Files\Java\jdk-21\bin\jsvml.dll
Event: 0.183 Loaded shared library C:\Program Files\Java\jdk-21\bin\net.dll
Event: 0.186 Loaded shared library C:\Program Files\Java\jdk-21\bin\nio.dll
Event: 0.192 Loaded shared library C:\Program Files\Java\jdk-21\bin\zip.dll

Deoptimization events (20 events):
Event: 0.319 Thread 0x0000020ed89200b0 Uncommon trap: trap_request=0xffffff45 fr.pc=0x0000020eea9584f4 relative=0x0000000000000694
Event: 0.319 Thread 0x0000020ed89200b0 Uncommon trap: reason=unstable_if action=reinterpret pc=0x0000020eea9584f4 method=java.lang.StringLatin1.newString([BII)Ljava/lang/String; @ 1 c2
Event: 0.319 Thread 0x0000020ed89200b0 DEOPT PACKING pc=0x0000020eea9584f4 sp=0x000000c238cfe9f0
Event: 0.319 Thread 0x0000020ed89200b0 DEOPT UNPACKING pc=0x0000020eea3f46a2 sp=0x000000c238cfe950 mode 2
Event: 0.320 Thread 0x0000020ed89200b0 Uncommon trap: trap_request=0xffffff45 fr.pc=0x0000020eea957364 relative=0x0000000000000524
Event: 0.320 Thread 0x0000020ed89200b0 Uncommon trap: reason=unstable_if action=reinterpret pc=0x0000020eea957364 method=java.lang.StringLatin1.newString([BII)Ljava/lang/String; @ 1 c2
Event: 0.320 Thread 0x0000020ed89200b0 DEOPT PACKING pc=0x0000020eea957364 sp=0x000000c238cfe970
Event: 0.320 Thread 0x0000020ed89200b0 DEOPT UNPACKING pc=0x0000020eea3f46a2 sp=0x000000c238cfe950 mode 2
Event: 0.321 Thread 0x0000020ed89200b0 Uncommon trap: trap_request=0xffffff45 fr.pc=0x0000020eea95e728 relative=0x0000000000000f68
Event: 0.321 Thread 0x0000020ed89200b0 Uncommon trap: reason=unstable_if action=reinterpret pc=0x0000020eea95e728 method=java.util.HashMap.putVal(ILjava/lang/Object;Ljava/lang/Object;ZZ)Ljava/lang/Object; @ 81 c2
Event: 0.321 Thread 0x0000020ed89200b0 DEOPT PACKING pc=0x0000020eea95e728 sp=0x000000c238cfec40
Event: 0.321 Thread 0x0000020ed89200b0 DEOPT UNPACKING pc=0x0000020eea3f46a2 sp=0x000000c238cfeb70 mode 2
Event: 0.328 Thread 0x0000020ed89200b0 Uncommon trap: trap_request=0xffffff45 fr.pc=0x0000020eea94d48c relative=0x000000000000006c
Event: 0.328 Thread 0x0000020ed89200b0 Uncommon trap: reason=unstable_if action=reinterpret pc=0x0000020eea94d48c method=java.lang.String.isLatin1()Z @ 10 c2
Event: 0.328 Thread 0x0000020ed89200b0 DEOPT PACKING pc=0x0000020eea94d48c sp=0x000000c238cfe390
Event: 0.328 Thread 0x0000020ed89200b0 DEOPT UNPACKING pc=0x0000020eea3f46a2 sp=0x000000c238cfe320 mode 2
Event: 0.328 Thread 0x0000020ed89200b0 Uncommon trap: trap_request=0xffffff45 fr.pc=0x0000020eea9438e4 relative=0x00000000000000c4
Event: 0.328 Thread 0x0000020ed89200b0 Uncommon trap: reason=unstable_if action=reinterpret pc=0x0000020eea9438e4 method=java.lang.String.isLatin1()Z @ 10 c2
Event: 0.328 Thread 0x0000020ed89200b0 DEOPT PACKING pc=0x0000020eea9438e4 sp=0x000000c238cfeeb0
Event: 0.328 Thread 0x0000020ed89200b0 DEOPT UNPACKING pc=0x0000020eea3f46a2 sp=0x000000c238cfedf0 mode 2

Classes loaded (20 events):
Event: 0.333 Loading class jdk/internal/module/ModuleReferences$SafeCloseModuleReader done
Event: 0.333 Loading class jdk/internal/module/ModuleReferences$JarModuleReader done
Event: 0.333 Loading class java/util/concurrent/locks/ReentrantReadWriteLock
Event: 0.334 Loading class java/util/concurrent/locks/ReadWriteLock
Event: 0.334 Loading class java/util/concurrent/locks/ReadWriteLock done
Event: 0.334 Loading class java/util/concurrent/locks/ReentrantReadWriteLock done
Event: 0.334 Loading class java/util/concurrent/locks/ReentrantReadWriteLock$NonfairSync
Event: 0.334 Loading class java/util/concurrent/locks/ReentrantReadWriteLock$Sync
Event: 0.334 Loading class java/util/concurrent/locks/ReentrantReadWriteLock$Sync done
Event: 0.334 Loading class java/util/concurrent/locks/ReentrantReadWriteLock$NonfairSync done
Event: 0.334 Loading class java/util/concurrent/locks/ReentrantReadWriteLock$Sync$ThreadLocalHoldCounter
Event: 0.334 Loading class java/util/concurrent/locks/ReentrantReadWriteLock$Sync$ThreadLocalHoldCounter done
Event: 0.334 Loading class java/util/concurrent/locks/ReentrantReadWriteLock$ReadLock
Event: 0.334 Loading class java/util/concurrent/locks/ReentrantReadWriteLock$ReadLock done
Event: 0.334 Loading class java/util/concurrent/locks/ReentrantReadWriteLock$WriteLock
Event: 0.334 Loading class java/util/concurrent/locks/ReentrantReadWriteLock$WriteLock done
Event: 0.339 Loading class jdk/internal/module/ModulePatcher$PatchedModuleReader
Event: 0.339 Loading class jdk/internal/module/ModulePatcher$PatchedModuleReader done
Event: 0.340 Loading class sun/launcher/LauncherHelper$FXHelper
Event: 0.340 Loading class sun/launcher/LauncherHelper$FXHelper done

Classes unloaded (0 events):
No events

Classes redefined (0 events):
No events

Internal exceptions (1 events):
Event: 0.188 Thread 0x0000020ed89200b0 Exception <a 'sun/nio/fs/WindowsException'{0x000000008a081588}> (0x000000008a081588) 
thrown [s\open\src\hotspot\share\prims\jni.cpp, line 520]

ZGC Phase Switch (0 events):
No events

VM Operations (4 events):
Event: 0.194 Executing VM operation: HandshakeAllThreads (Deoptimize)
Event: 0.194 Executing VM operation: HandshakeAllThreads (Deoptimize) done
Event: 0.309 Executing VM operation: HandshakeAllThreads (Deoptimize)
Event: 0.309 Executing VM operation: HandshakeAllThreads (Deoptimize) done

Events (12 events):
Event: 0.060 Thread 0x0000020ed89200b0 Thread added: 0x0000020ed89200b0
Event: 0.081 Thread 0x0000020ef6a6ef70 Thread added: 0x0000020ef6a6ef70
Event: 0.081 Thread 0x0000020ef6a70df0 Thread added: 0x0000020ef6a70df0
Event: 0.082 Thread 0x0000020ef6a73920 Thread added: 0x0000020ef6a73920
Event: 0.082 Thread 0x0000020ef6a76bc0 Thread added: 0x0000020ef6a76bc0
Event: 0.082 Thread 0x0000020ef6a77dc0 Thread added: 0x0000020ef6a77dc0
Event: 0.082 Thread 0x0000020ef6a7c9e0 Thread added: 0x0000020ef6a7c9e0
Event: 0.082 Thread 0x0000020ef6a81430 Thread added: 0x0000020ef6a81430
Event: 0.083 Thread 0x0000020ef6aa6a60 Thread added: 0x0000020ef6aa6a60
Event: 0.162 Thread 0x0000020ef6cb71e0 Thread added: 0x0000020ef6cb71e0
Event: 0.245 Thread 0x0000020ef6cce570 Thread added: 0x0000020ef6cce570
Event: 0.327 Thread 0x0000020efb12c0b0 Thread added: 0x0000020efb12c0b0


Dynamic libraries:
0x00007ff6b14b0000 - 0x00007ff6b14c0000 	C:\Program Files\Java\jdk-21\bin\javaw.exe
0x00007ffa1e590000 - 0x00007ffa1e788000 	C:\Windows\SYSTEM32\ntdll.dll
0x00007ffa1cfd0000 - 0x00007ffa1d08d000 	C:\Windows\System32\KERNEL32.DLL
0x00007ffa1c130000 - 0x00007ffa1c426000 	C:\Windows\System32\KERNELBASE.dll
0x00007ffa1c4c0000 - 0x00007ffa1c5c0000 	C:\Windows\System32\ucrtbase.dll
0x00007ff9f94a0000 - 0x00007ff9f94b9000 	C:\Program Files\Java\jdk-21\bin\jli.dll
0x00007ffa1e370000 - 0x00007ffa1e420000 	C:\Windows\System32\ADVAPI32.dll
0x00007ffa1c640000 - 0x00007ffa1c6de000 	C:\Windows\System32\msvcrt.dll
0x00007ffa1d270000 - 0x00007ffa1d310000 	C:\Windows\System32\sechost.dll
0x00007ffa1c840000 - 0x00007ffa1c963000 	C:\Windows\System32\RPCRT4.dll
0x00007ffa1bd60000 - 0x00007ffa1bd87000 	C:\Windows\System32\bcrypt.dll
0x00007ff9fa9f0000 - 0x00007ff9faa0b000 	C:\Program Files\Java\jdk-21\bin\VCRUNTIME140.dll
0x00007ffa1d4a0000 - 0x00007ffa1d63f000 	C:\Windows\System32\USER32.dll
0x00007ffa1bf90000 - 0x00007ffa1bfb2000 	C:\Windows\System32\win32u.dll
0x00007ffa1d240000 - 0x00007ffa1d26b000 	C:\Windows\System32\GDI32.dll
0x00007ffa1bc40000 - 0x00007ffa1bd57000 	C:\Windows\System32\gdi32full.dll
0x00007ffa1bef0000 - 0x00007ffa1bf8d000 	C:\Windows\System32\msvcp_win.dll
0x00007ffa01ca0000 - 0x00007ffa01f3a000 	C:\Windows\WinSxS\amd64_microsoft.windows.common-controls_6595b64144ccf1df_6.0.19041.3636_none_60b6a03d71f818d5\COMCTL32.dll
0x00007ffa13d60000 - 0x00007ffa13d6a000 	C:\Windows\SYSTEM32\VERSION.dll
0x00007ffa1d380000 - 0x00007ffa1d3b2000 	C:\Windows\System32\IMM32.DLL
0x00007ffa17430000 - 0x00007ffa1743c000 	C:\Program Files\Java\jdk-21\bin\vcruntime140_1.dll
0x00007ff9e41e0000 - 0x00007ff9e426e000 	C:\Program Files\Java\jdk-21\bin\msvcp140.dll
0x00007ff9dc4b0000 - 0x00007ff9dd1c7000 	C:\Program Files\Java\jdk-21\bin\server\jvm.dll
0x00007ffa1d1d0000 - 0x00007ffa1d23b000 	C:\Windows\System32\WS2_32.dll
0x00007ffa1b1d0000 - 0x00007ffa1b21b000 	C:\Windows\SYSTEM32\POWRPROF.dll
0x00007ff9fbc50000 - 0x00007ff9fbc77000 	C:\Windows\SYSTEM32\WINMM.dll
0x00007ffa1b040000 - 0x00007ffa1b052000 	C:\Windows\SYSTEM32\UMPDC.dll
0x00007ffa1a460000 - 0x00007ffa1a472000 	C:\Windows\SYSTEM32\kernel.appcore.dll
0x00007ffa17370000 - 0x00007ffa1737a000 	C:\Program Files\Java\jdk-21\bin\jimage.dll
0x00007ffa03ec0000 - 0x00007ffa040a4000 	C:\Windows\SYSTEM32\DBGHELP.DLL
0x00007ffa03620000 - 0x00007ffa03654000 	C:\Windows\SYSTEM32\dbgcore.DLL
0x00007ffa1c430000 - 0x00007ffa1c4b2000 	C:\Windows\System32\bcryptPrimitives.dll
0x00007ff9f7bc0000 - 0x00007ff9f7bdf000 	C:\Program Files\Java\jdk-21\bin\java.dll
0x00007ffa1dc00000 - 0x00007ffa1e36b000 	C:\Windows\System32\SHELL32.dll
0x00007ffa19c80000 - 0x00007ffa1a41e000 	C:\Windows\SYSTEM32\windows.storage.dll
0x00007ffa1d8a0000 - 0x00007ffa1dbf3000 	C:\Windows\System32\combase.dll
0x00007ffa1b670000 - 0x00007ffa1b69e000 	C:\Windows\SYSTEM32\Wldp.dll
0x00007ffa1c770000 - 0x00007ffa1c83d000 	C:\Windows\System32\OLEAUT32.dll
0x00007ffa1d7f0000 - 0x00007ffa1d89d000 	C:\Windows\System32\SHCORE.dll
0x00007ffa1cf70000 - 0x00007ffa1cfc5000 	C:\Windows\System32\shlwapi.dll
0x00007ffa1bb70000 - 0x00007ffa1bb93000 	C:\Windows\SYSTEM32\profapi.dll
0x00007ff9e3ef0000 - 0x00007ff9e3fc7000 	C:\Program Files\Java\jdk-21\bin\jsvml.dll
0x00007ffa13d70000 - 0x00007ffa13d80000 	C:\Program Files\Java\jdk-21\bin\net.dll
0x00007ffa0cc50000 - 0x00007ffa0cd5a000 	C:\Windows\SYSTEM32\WINHTTP.dll
0x00007ffa1b3d0000 - 0x00007ffa1b43a000 	C:\Windows\system32\mswsock.dll
0x00007ff9f7180000 - 0x00007ff9f7196000 	C:\Program Files\Java\jdk-21\bin\nio.dll
0x00007ff9f7160000 - 0x00007ff9f7178000 	C:\Program Files\Java\jdk-21\bin\zip.dll

dbghelp: loaded successfully - version: 4.0.5 - missing functions: none
symbol engine: initialized successfully - sym options: 0x614 - pdb path: .;C:\Program Files\Java\jdk-21\bin;C:\Windows\SYSTEM32;C:\Windows\WinSxS\amd64_microsoft.windows.common-controls_6595b64144ccf1df_6.0.19041.3636_none_60b6a03d71f818d5;C:\Program Files\Java\jdk-21\bin\server

VM Arguments:
jvm_args: --module-path=C:\java_Project\javafx-sdk-22.0.1\lib --add-modules=javafx.controls,javafx.fxml -Dfile.encoding=UTF-8 -Dstdout.encoding=UTF-8 -Dstderr.encoding=UTF-8 -XX:+ShowCodeDetailsInExceptionMessages 
java_command: application.AjouterCommandeInterface
java_class_path (initial): C:\GestionDeVente\GestionDeStock\bin;C:\java_Project\javafx-sdk-22.0.1\lib\javafx.base.jar;C:\java_Project\javafx-sdk-22.0.1\lib\javafx.controls.jar;C:\java_Project\javafx-sdk-22.0.1\lib\javafx.fxml.jar;C:\java_Project\javafx-sdk-22.0.1\lib\javafx.graphics.jar;C:\java_Project\javafx-sdk-22.0.1\lib\javafx.media.jar;C:\java_Project\javafx-sdk-22.0.1\lib\javafx.swing.jar;C:\java_Project\javafx-sdk-22.0.1\lib\javafx.web.jar;C:\java_Project\javafx-sdk-22.0.1\lib\javafx-swt.jar;C:\mysql-connector-j-8.4.0\mysql-connector-j-8.4.0.jar;C:\GestionDeVente\GestionDeStock\javamail-1.4.4\mail.jar;C:\GestionDeVente\GestionDeStock\jaf-1.0.2\activation.jar;C:\GestionDeVente\GestionDeStock\javamail-1.4.4\lib\dsn.jar;C:\GestionDeVente\GestionDeStock\javamail-1.4.4\lib\imap.jar;C:\GestionDeVente\GestionDeStock\javamail-1.4.4\lib\mailapi.jar;C:\GestionDeVente\GestionDeStock\javamail-1.4.4\lib\pop3.jar;C:\GestionDeVente\GestionDeStock\javamail-1.4.4\lib\smtp.jar;C:\GestionDeVente\GestionDeStock\jasypt-1.9.0\lib\icu4j-3.4.4.jar;C:\GestionDeVente\GestionDeStock\jasypt-1.9.0\lib\jasypt-1.9.0.jar;C:\GestionDeVente\GestionDeStock\jasypt-1.9.0\lib\jasypt-1.9.0-javadoc.jar;C:\GestionDeVente\GestionDeStock\jasypt-1.9.0\lib\jasypt-1.9.0-lite.jar;C:\GestionDeVente\GestionDeStock\jasypt-1.9.0\lib\jasypt-1.9.0-sources.jar;C:\GestionDeVente\GestionDeStock\jasypt-1.9.0\lib\jasypt-acegisecurity-1.9.0.jar;C:\GestionDeVente\GestionDeStock\jasypt-1.9.0\lib\jasypt-acegisecurity-1.9.0-javadoc.jar;C:\GestionDeVente\GestionDeStock\jasypt-1.9.0\lib\jasypt-acegisecurity-1.9.0-sources.jar;C:\GestionDeVente\GestionDeStock\jasypt-1.9.0\lib\jasypt-hibernate3-1.9.0.jar;C:\GestionDeVente\GestionDeStock\jasypt-1.9.0\lib\jasypt-hibernate3-1.9.0-javadoc.jar;C:\GestionDeVente\GestionDeStock\jasypt-1.9.0\lib\jasypt-hibernate3-1.9.0-sources.jar;C:\GestionDeVente\GestionDeStock\jasypt-1.9.0\lib\jasypt-hibernate4-1.9.0.jar;C:\GestionDeVente\GestionDeStock\jasypt-1.9.0\lib\jasypt-hibernate4-1.9.0-javadoc.jar;C:\GestionDeVente\GestionDeStock\jasypt-1.9.0\lib\jasypt-hibernate4-1.9.0-sources.jar;C:\GestionDeVente\GestionDeStock\jasypt-1.9.0\lib\jasypt-spring2-1.9.0.jar;C:\GestionDeVente\GestionDeStock\jasypt-1.9.0\lib\jasypt-spring2-1.9.0-javadoc.jar;C:\GestionDeVente\GestionDeStock\jasypt-1.9.0\lib\jasypt-spring2-1.9.0-sources.jar;C:\GestionDeVente\GestionDeStock\jasypt-1.9.0\lib\jasypt-spring3-1.9.0.jar;C:\GestionDeVente\GestionDeStock\jasypt-1.9.0\lib\jasypt-spring3-1.9.0-javadoc.jar;C:\GestionDeVente\GestionDeStock\jasypt-1.9.0\lib\jasypt-spring3-1.9.0-sources.jar;C:\GestionDeVente\GestionDeStock\jasypt-1.9.0\lib\jasypt-spring31-1.9.0.jar;C:\GestionDeVente\GestionDeStock\jasypt-1.9.0\lib\jasypt-spring31-1.9.0-javadoc.jar;C:\GestionDeVente\GestionDeStock\jasypt-1.9.0\lib\jasypt-spring31-1.9.0-sources.jar;C:\GestionDeVente\GestionDeStock\jasypt-1.9.0\lib\jasypt-springsecurity2-1.9.0.jar;C:\GestionDeVente\GestionDeStock\jasypt-1.9.0\lib\jasypt-springsecurity2-1.9.0-javadoc.jar;C:\GestionDeVente\GestionDeStock\jasypt-1.9.0\lib\jasypt-springsecurity2-1.9.0-sources.jar;C:\GestionDeVente\GestionDeStock\jasypt-1.9.0\lib\jasypt-springsecurity3-1.9.0.jar;C:\GestionDeVente\GestionDeStock\jasypt-1.9.0\lib\jasypt-springsecurity3-1.9.0-javadoc.jar;C:\GestionDeVente\GestionDeStock\jasypt-1.9.0\lib\jasypt-springsecurity3-1.9.0-sources.jar;C:\GestionDeVente\GestionDeStock\jasypt-1.9.0\lib\jasypt-wicket13-1.9.0.jar;C:\GestionDeVente\GestionDeStock\jasypt-1.9.0\lib\jasypt-wicket13-1.9.0-javadoc.jar;C:\GestionDeVente\GestionDeStock\jasypt-1.9.0\lib\jasypt-wicket13-1.9.0-sources.jar;C:\GestionDeVente\GestionDeStock\jasypt-1.9.0\lib\jasypt-wicket15-1.9.0.jar;C:\GestionDeVente\GestionDeStock\jasypt-1.9.0\lib\jasypt-wicket15-1.9.0-javadoc.jar;C:\GestionDeVente\GestionDeStock\jasypt-1.9.0\lib\jasypt-wicket15-1.9.0-sources.jar
Launcher Type: SUN_STANDARD

[Global flags]
     intx CICompilerCount                          = 3                                         {product} {ergonomic}
     uint ConcGCThreads                            = 1                                         {product} {ergonomic}
     uint G1ConcRefinementThreads                  = 4                                         {product} {ergonomic}
   size_t G1HeapRegionSize                         = 1048576                                   {product} {ergonomic}
    uintx GCDrainStackTargetSize                   = 64                                        {product} {ergonomic}
   size_t InitialHeapSize                          = 132120576                                 {product} {ergonomic}
   size_t MarkStackSize                            = 4194304                                   {product} {ergonomic}
   size_t MaxHeapSize                              = 2109734912                                {product} {ergonomic}
   size_t MaxNewSize                               = 1265631232                                {product} {ergonomic}
   size_t MinHeapDeltaBytes                        = 1048576                                   {product} {ergonomic}
   size_t MinHeapSize                              = 8388608                                   {product} {ergonomic}
    uintx NonNMethodCodeHeapSize                   = 5832780                                {pd product} {ergonomic}
    uintx NonProfiledCodeHeapSize                  = 122912730                              {pd product} {ergonomic}
    uintx ProfiledCodeHeapSize                     = 122912730                              {pd product} {ergonomic}
    uintx ReservedCodeCacheSize                    = 251658240                              {pd product} {ergonomic}
     bool SegmentedCodeCache                       = true                                      {product} {ergonomic}
     bool ShowCodeDetailsInExceptionMessages       = true                                   {manageable} {command line}
   size_t SoftMaxHeapSize                          = 2109734912                             {manageable} {ergonomic}
     bool UseCompressedOops                        = true                           {product lp64_product} {ergonomic}
     bool UseG1GC                                  = true                                      {product} {ergonomic}
     bool UseLargePagesIndividualAllocation        = false                                  {pd product} {ergonomic}

Logging:
Log output configuration:
 #0: stdout all=warning uptime,level,tags foldmultilines=false
 #1: stderr all=off uptime,level,tags foldmultilines=false

Environment Variables:
PATH=C:\Program Files\Common Files\Oracle\Java\javapath;C:\Program Files (x86)\Common Files\Oracle\Java\java8path;C:\Program Files (x86)\Common Files\Oracle\Java\javapath;C:\Program Files (x86)\Common Files\Intel\Shared Libraries\redist\intel64\compiler;CUserssaski outchihaDownloadsCompressedaircrack-ng-1.7-winaircrack-ng-1.7-winbin;C:\Program Files\dotnet\;C:\Program Files\nodejs\;C:\Program Files\Java\jre-1.8\bin;C:\xampp\php;C:\Windows\System32;C:\ProgramData\ComposerSetup\bin;C:\Program Files\MySQL\MySQL Shell 8.0\bin\;C:\Users\saski outchiha\AppData\Local\Microsoft\WindowsApps;C:\Users\saski outchiha\AppData\Local\Programs\Microsoft VS Code\bin;C:\Users\saski outchiha\AppData\Local\GitHubDesktop\bin;C:\MinGW;C:\Users\saski outchiha\AppData\Roaming\npm;C:\Users\saski outchiha\AppData\Local\Programs\MiKTeX\miktex\bin\x64\;C:\xampp\php;C:\Users\saski outchiha\AppData\Roaming\Composer\vendor\bin
USERNAME=saski outchiha
OS=Windows_NT
PROCESSOR_IDENTIFIER=Intel64 Family 6 Model 78 Stepping 3, GenuineIntel
TMP=C:\Users\SASKIO~1\AppData\Local\Temp
TEMP=C:\Users\SASKIO~1\AppData\Local\Temp




Periodic native trim disabled

---------------  S Y S T E M  ---------------

OS:
 Windows 10 , 64 bit Build 19041 (10.0.19041.3636)
OS uptime: 1 days 1:10 hours

CPU: total 4 (initial active 4) (2 cores per cpu, 2 threads per core) family 6 model 78 stepping 3 microcode 0xf0, cx8, cmov, fxsr, ht, mmx, 3dnowpref, sse, sse2, sse3, ssse3, sse4.1, sse4.2, popcnt, lzcnt, tsc, tscinvbit, avx, avx2, aes, erms, clmul, bmi1, bmi2, rtm, adx, fma, vzeroupper, clflush, clflushopt, rdtscp, f16c
Processor Information for all 4 processors :
  Max Mhz: 2496, Current Mhz: 798, Mhz Limit: 798

Memory: 4k page, system-wide physical 8047M (1269M free)
TotalPageFile size 19351M (AvailPageFile size 3M)
current process WorkingSet (physical memory assigned to process): 54M, peak: 54M
current process commit charge ("private bytes"): 208M, peak: 208M

vm_info: Java HotSpot(TM) 64-Bit Server VM (21.0.2+13-LTS-58) for windows-amd64 JRE (21.0.2+13-LTS-58), built on 2024-01-05T18:32:24Z by "mach5one" with MS VC++ 17.1 (VS2022)

END.
